0 info it worked if it ends with ok
1 verbose cli [ '/usr/local/bin/node', '/usr/local/bin/npm', 'run', 'dev' ]
2 info using npm@1.4.14
3 info using node@v0.10.29
4 verbose run-script [ 'predev', 'dev', 'postdev' ]
5 info predev es6-boilerplate@0.0.0
6 info dev es6-boilerplate@0.0.0
7 verbose unsafe-perm in lifecycle true
8 info es6-boilerplate@0.0.0 Failed to exec dev script
9 error es6-boilerplate@0.0.0 dev: `gulp dev`
9 error Exit status 8
10 error Failed at the es6-boilerplate@0.0.0 dev script.
10 error This is most likely a problem with the es6-boilerplate package,
10 error not with npm itself.
10 error Tell the author that this fails on your system:
10 error     gulp dev
10 error You can get their info via:
10 error     npm owner ls es6-boilerplate
10 error There is likely additional logging output above.
11 error System Darwin 14.1.0
12 error command "/usr/local/bin/node" "/usr/local/bin/npm" "run" "dev"
13 error cwd /Users/brian/projects/meal-planner
14 error node -v v0.10.29
15 error npm -v 1.4.14
16 error code ELIFECYCLE
17 verbose exit [ 1, true ]
